<?xml version="1.0" encoding="UTF-8"?>
<!-- Generated by org.testng.reporters.JUnitReportReporter -->
<testsuite skipped="0" hostname="Saiful-PC" name="greencart.aminTest" tests="1" failures="0" timestamp="2020-05-23T18:30:19 EDT" time="11.570" errors="0">
  <testcase name="run" time="11.570" classname="greencart.aminTest"/>
  <system-out/>
</testsuite> <!-- greencart.aminTest -->
