<?xml version="1.0" encoding="UTF-8"?>
<!-- Generated by org.testng.reporters.JUnitReportReporter -->
<testsuite skipped="0" hostname="Saiful-PC" name="greencart.grTest" tests="1" failures="0" timestamp="2020-05-20T18:21:28 EDT" time="23.255" errors="0">
  <testcase name="mtest" time="23.255" classname="greencart.grTest"/>
  <system-out/>
</testsuite> <!-- greencart.grTest -->
